
Showing logs for build [32mmeta-cb-kubecd-bdd-ghfjxy-impor-1[0m stage [32mmeta-pipeline[0m and container [32mstep-credential-initializer-8lnpq[0m
{"level":"warn","ts":1568053541.5930157,"logger":"fallback-logger","caller":"logging/config.go:69","msg":"Fetch GitHub commit ID from kodata failed: \"ref: refs/heads/master\" is not a valid GitHub commit ID"}
{"level":"info","ts":1568053541.5936208,"logger":"fallback-logger","caller":"creds-init/main.go:40","msg":"Credentials initialized."}

Showing logs for build [32mmeta-cb-kubecd-bdd-ghfjxy-impor-1[0m stage [32mmeta-pipeline[0m and container [32mstep-working-dir-initializer-p46wt[0m
{"level":"warn","ts":1568053542.59469,"logger":"fallback-logger","caller":"logging/config.go:69","msg":"Fetch GitHub commit ID from kodata failed: open /var/run/ko/HEAD: no such file or directory"}
{"level":"info","ts":1568053542.5966332,"logger":"fallback-logger","caller":"bash/main.go:65","msg":"Successfully executed command \"mkdir -p /workspace/source\""}

Showing logs for build [32mmeta-cb-kubecd-bdd-ghfjxy-impor-1[0m stage [32mmeta-pipeline[0m and container [32mstep-place-tools[0m

Showing logs for build [32mmeta-cb-kubecd-bdd-ghfjxy-impor-1[0m stage [32mmeta-pipeline[0m and container [32mstep-git-source-meta-cb-kubecd-bdd-ghfjxy-impor-kv8zl[0m
{"level":"warn","ts":1568053547.7356646,"logger":"fallback-logger","caller":"logging/config.go:69","msg":"Fetch GitHub commit ID from kodata failed: \"ref: refs/heads/master\" is not a valid GitHub commit ID"}
{"level":"info","ts":1568053548.8062632,"logger":"fallback-logger","caller":"git/git.go:102","msg":"Successfully cloned https://github.com/cb-kubecd/bdd-ghf**y-import-1568053282.git @ 560d3f415dfe2993204b1640b0a234ab574ad971 in path /workspace/source"}

Showing logs for build [32mmeta-cb-kubecd-bdd-ghfjxy-impor-1[0m stage [32mmeta-pipeline[0m and container [32mstep-git-merge[0m
Using SHAs from PULL_REFS=master:560d3f415dfe2993204b1640b0a234ab574ad971
WARNING: no SHAs to merge, falling back to initial cloned commit

Showing logs for build [32mmeta-cb-kubecd-bdd-ghfjxy-impor-1[0m stage [32mmeta-pipeline[0m and container [32mstep-merge-pull-refs[0m
SKIP merge-pull-refs: Nothing to merge

Showing logs for build [32mmeta-cb-kubecd-bdd-ghfjxy-impor-1[0m stage [32mmeta-pipeline[0m and container [32mstep-create-effective-pipeline[0m
Deleting and cloning the Jenkins X versions repo
Cloning the Jenkins X versions repo https://github.com/jenkins-x/jenkins-x-versions.git with revision 4dbc9051bc46d512595e9cf8b2477208b0b23833 to /builder/home/.**/jenkins-x-versions
From https://github.com/jenkins-x/jenkins-x-versions
 * branch            4dbc9051bc46d512595e9cf8b2477208b0b23833 -> FETCH_HEAD
performing pack detection in folder /workspace/source
--> Draft detected YAML (67.859684%)
--> Could not find a pack for YAML. Trying to find the next likely language match...
--> Draft detected RPM Spec (14.835634%)
--> Could not find a pack for RPM Spec. Trying to find the next likely language match...
--> Draft detected Coq (6.745411%)
--> Could not find a pack for Coq. Trying to find the next likely language match...
--> Draft detected Smarty (3.671553%)
--> Could not find a pack for Smarty. Trying to find the next likely language match...
--> Draft detected Go (2.881742%)
selected pack: /builder/home/.**/draft/packs/github.com/jenkins-x-buildpacks/jenkins-x-kubernetes/packs/go
Effective pipeline written to jenkins-x-effective.yml

Showing logs for build [32mmeta-cb-kubecd-bdd-ghfjxy-impor-1[0m stage [32mmeta-pipeline[0m and container [32mstep-create-tekton-crds[0m
Deleting and cloning the Jenkins X versions repo
Cloning the Jenkins X versions repo https://github.com/jenkins-x/jenkins-x-versions.git with revision 4dbc9051bc46d512595e9cf8b2477208b0b23833 to /builder/home/.**/jenkins-x-versions
From https://github.com/jenkins-x/jenkins-x-versions
 * branch            4dbc9051bc46d512595e9cf8b2477208b0b23833 -> FETCH_HEAD
running command: echo \$(**-release-version) > VERSION

running command: ** step tag --version \$(cat VERSION)
Updating chart version in charts/bdd-ghf**y-import-1568053282/Chart.yaml to 0.0.1
Updating repository in charts/bdd-ghf**y-import-1568053282/values.yaml to gcr.io/jenkins-x-bdd2/bdd-ghf**y-import-1568053282
Updating tag in charts/bdd-ghf**y-import-1568053282/values.yaml to 0.0.1
Tag v0.0.1 created and pushed to remote origin

PipelineActivity for cb-kubecd-bdd-ghf**y-import-1568053282-master-1
Applying changes 
upserted PipelineResource cb-kubecd-bdd-ghf**y-import-156 for the git repository https://github.com/cb-kubecd/bdd-ghf**y-import-1568053282.git
upserted Task cb-kubecd-bdd-ghf**y-import-156-run-make-1
upserted Task cb-kubecd-bdd-ghf**y-import-156-everything-else-1
upserted Pipeline cb-kubecd-bdd-ghf**y-import-156-1
created PipelineRun cb-kubecd-bdd-ghf**y-import-156-1
created PipelineStructure cb-kubecd-bdd-ghf**y-import-156-1

Showing logs for build [32mmeta-cb-kubecd-bdd-ghfjxy-impor-1[0m stage [32mrun-make[0m and container [32mstep-credential-initializer-5vf5m[0m
{"level":"warn","ts":1568053582.1534982,"logger":"fallback-logger","caller":"logging/config.go:69","msg":"Fetch GitHub commit ID from kodata failed: \"ref: refs/heads/master\" is not a valid GitHub commit ID"}
{"level":"info","ts":1568053582.1542509,"logger":"fallback-logger","caller":"creds-init/main.go:40","msg":"Credentials initialized."}

Showing logs for build [32mmeta-cb-kubecd-bdd-ghfjxy-impor-1[0m stage [32mrun-make[0m and container [32mstep-working-dir-initializer-nrbgq[0m
{"level":"warn","ts":1568053583.1076834,"logger":"fallback-logger","caller":"logging/config.go:69","msg":"Fetch GitHub commit ID from kodata failed: open /var/run/ko/HEAD: no such file or directory"}
{"level":"info","ts":1568053583.1107383,"logger":"fallback-logger","caller":"bash/main.go:65","msg":"Successfully executed command \"mkdir -p /workspace/source\""}

Showing logs for build [32mmeta-cb-kubecd-bdd-ghfjxy-impor-1[0m stage [32mrun-make[0m and container [32mstep-place-tools[0m

Showing logs for build [32mmeta-cb-kubecd-bdd-ghfjxy-impor-1[0m stage [32mrun-make[0m and container [32mstep-git-source-cb-kubecd-bdd-ghfjxy-import-156-6wpfc[0m
{"level":"warn","ts":1568053589.177271,"logger":"fallback-logger","caller":"logging/config.go:69","msg":"Fetch GitHub commit ID from kodata failed: \"ref: refs/heads/master\" is not a valid GitHub commit ID"}
{"level":"info","ts":1568053590.2640696,"logger":"fallback-logger","caller":"git/git.go:102","msg":"Successfully cloned https://github.com/cb-kubecd/bdd-ghf**y-import-1568053282.git @ v0.0.1 in path /workspace/source"}

Showing logs for build [32mmeta-cb-kubecd-bdd-ghfjxy-impor-1[0m stage [32mrun-make[0m and container [32mstep-git-merge[0m
Using SHAs from PULL_REFS=master:560d3f415dfe2993204b1640b0a234ab574ad971
WARNING: no SHAs to merge, falling back to initial cloned commit

Showing logs for build [32mmeta-cb-kubecd-bdd-ghfjxy-impor-1[0m stage [32mrun-make[0m and container [32mstep-setup-jx-git-credentials[0m
Generated Git credentials file /workspace/xdg_config/git/credentials

Showing logs for build [32mmeta-cb-kubecd-bdd-ghfjxy-impor-1[0m stage [32mrun-make[0m and container [32mstep-build-make-build[0m
CGO_ENABLED=0 GO15VENDOREXPERIMENT=1 go build -ldflags '' -o bin/bdd-ghf**y-import-1568053282 main.go

Showing logs for build [32mmeta-cb-kubecd-bdd-ghfjxy-impor-1[0m stage [32mrun-make[0m and container [32mstep-source-mkdir-cb-kubecd-bdd-ghfjxy-import-156-k6v59[0m
{"level":"warn","ts":1568053597.3804955,"logger":"fallback-logger","caller":"logging/config.go:69","msg":"Fetch GitHub commit ID from kodata failed: open /var/run/ko/HEAD: no such file or directory"}
{"level":"info","ts":1568053597.4167454,"logger":"fallback-logger","caller":"bash/main.go:65","msg":"Successfully executed command \"mkdir -p /pvc/run-make/workspace\""}

Showing logs for build [32mmeta-cb-kubecd-bdd-ghfjxy-impor-1[0m stage [32mrun-make[0m and container [32mstep-source-copy-cb-kubecd-bdd-ghfjxy-import-156-fqdrf[0m
{"level":"warn","ts":1568053597.6847372,"logger":"fallback-logger","caller":"logging/config.go:69","msg":"Fetch GitHub commit ID from kodata failed: open /var/run/ko/HEAD: no such file or directory"}
{"level":"info","ts":1568053597.723571,"logger":"fallback-logger","caller":"bash/main.go:65","msg":"Successfully executed command \"cp -r /workspace/source/. /pvc/run-make/workspace\""}

Showing logs for build [32mmeta-cb-kubecd-bdd-ghfjxy-impor-1[0m stage [32meverything-else[0m and container [32mstep-credential-initializer-bxkdd[0m
{"level":"warn","ts":1568053609.924582,"logger":"fallback-logger","caller":"logging/config.go:69","msg":"Fetch GitHub commit ID from kodata failed: \"ref: refs/heads/master\" is not a valid GitHub commit ID"}
{"level":"info","ts":1568053609.925135,"logger":"fallback-logger","caller":"creds-init/main.go:40","msg":"Credentials initialized."}

Showing logs for build [32mmeta-cb-kubecd-bdd-ghfjxy-impor-1[0m stage [32meverything-else[0m and container [32mstep-working-dir-initializer-t2znj[0m
{"level":"warn","ts":1568053610.474266,"logger":"fallback-logger","caller":"logging/config.go:69","msg":"Fetch GitHub commit ID from kodata failed: open /var/run/ko/HEAD: no such file or directory"}
{"level":"info","ts":1568053610.4784257,"logger":"fallback-logger","caller":"bash/main.go:65","msg":"Successfully executed command \"mkdir -p /workspace/source /workspace/source/charts/bdd-ghf**y-import-1568053282\""}

Showing logs for build [32mmeta-cb-kubecd-bdd-ghfjxy-impor-1[0m stage [32meverything-else[0m and container [32mstep-place-tools[0m

Showing logs for build [32mmeta-cb-kubecd-bdd-ghfjxy-impor-1[0m stage [32meverything-else[0m and container [32mstep-create-dir-workspace-k99gf[0m
{"level":"warn","ts":1568053617.5834293,"logger":"fallback-logger","caller":"logging/config.go:69","msg":"Fetch GitHub commit ID from kodata failed: open /var/run/ko/HEAD: no such file or directory"}
{"level":"info","ts":1568053617.5874126,"logger":"fallback-logger","caller":"bash/main.go:65","msg":"Successfully executed command \"mkdir -p /workspace/source\""}

Showing logs for build [32mmeta-cb-kubecd-bdd-ghfjxy-impor-1[0m stage [32meverything-else[0m and container [32mstep-source-copy-workspace-chrkv[0m
{"level":"warn","ts":1568053617.9330485,"logger":"fallback-logger","caller":"logging/config.go:69","msg":"Fetch GitHub commit ID from kodata failed: open /var/run/ko/HEAD: no such file or directory"}
{"level":"info","ts":1568053618.2224154,"logger":"fallback-logger","caller":"bash/main.go:65","msg":"Successfully executed command \"cp -r /pvc/run-make/workspace/. /workspace/source\""}

Showing logs for build [32mmeta-cb-kubecd-bdd-ghfjxy-impor-1[0m stage [32meverything-else[0m and container [32mstep-build-container-build[0m
[36mINFO[0m[0000] No base image, nothing to extract            
[36mINFO[0m[0000] cmd: EXPOSE                                  
[36mINFO[0m[0000] Adding exposed port: 8080/tcp                
[36mINFO[0m[0000] Using files from context: [/workspace/source/bin] 
[36mINFO[0m[0000] Skipping unpacking as no commands require it. 
[36mINFO[0m[0000] Taking snapshot of full filesystem...        
[36mINFO[0m[0000] EXPOSE 8080                                  
[36mINFO[0m[0000] cmd: EXPOSE                                  
[36mINFO[0m[0000] Adding exposed port: 8080/tcp                
[36mINFO[0m[0000] No files changed in this command, skipping snapshotting. 
[36mINFO[0m[0000] ENTRYPOINT ["/bdd-ghf**y-import-1568053282"] 
[36mINFO[0m[0000] No files changed in this command, skipping snapshotting. 
[36mINFO[0m[0000] Using files from context: [/workspace/source/bin] 
[36mINFO[0m[0000] COPY ./bin/ /                                
[36mINFO[0m[0000] Taking snapshot of files...                  
2019/09/09 18:27:02 pushed blob: sha256:ba8afa4fdf33ac6d4b25fd016cd66b2eb35ea7dc8a08787d06ff2f390cb763c2
2019/09/09 18:27:03 pushed blob: sha256:08257f4cef6cade16882c7882156edaf02b4ac1cc42b4eabd60b202315dcf7ed
2019/09/09 18:27:04 gcr.io/jenkins-x-bdd2/bdd-ghf**y-import-1568053282:0.0.1: digest: sha256:244fbd4a8c786cc75c0786766e50851cdc69922401e8ea8665ce8d8db1ec22c8 size: 428

Showing logs for build [32mmeta-cb-kubecd-bdd-ghfjxy-impor-1[0m stage [32meverything-else[0m and container [32mstep-build-post-build[0m
no CVE provider running in the current ** namespace so skip adding image to be analysed

Showing logs for build [32mmeta-cb-kubecd-bdd-ghfjxy-impor-1[0m stage [32meverything-else[0m and container [32mstep-promote-changelog[0m
Converted /workspace/source to an unshallow repository
no previous commit version found so change diff unavailable

Showing logs for build [32mmeta-cb-kubecd-bdd-ghfjxy-impor-1[0m stage [32meverything-else[0m and container [32mstep-promote-helm-release[0m
WARNING: No $CHART_REPOSITORY defined so using the default value of: http://jenkins-x-chartmuseum:8080
Adding missing Helm repo: storage.googleapis.com https://storage.googleapis.com/chartmuseum.jenkins-x.io
Successfully added Helm repository storage.googleapis.com.
Adding missing Helm repo: jenkins-x-chartmuseum http://jenkins-x-chartmuseum:8080
Successfully added Helm repository jenkins-x-chartmuseum.
WARNING: No $CHART_REPOSITORY defined so using the default value of: http://jenkins-x-chartmuseum:8080
Uploading chart file bdd-ghf**y-import-1568053282-0.0.1.tgz to http://jenkins-x-chartmuseum:8080/api/charts
Received 201 response: {"saved":true}

Showing logs for build [32mmeta-cb-kubecd-bdd-ghfjxy-impor-1[0m stage [32meverything-else[0m and container [32mstep-promote-jx-promote[0m
WARNING: prow based install so skip waiting for the merge of Pull Requests to go green as currently there is an issue with gettingstatuses from the PR, see https://github.com/jenkins-x/**/issues/2410
Promoting app bdd-ghf**y-import-1568053282 version 0.0.1 to namespace **-staging
Created Pull Request: https://github.com/cb-kubecd/environment-pr-484-13-tekton-gkebdd-staging/pull/3
Pull Request https://github.com/cb-kubecd/environment-pr-484-13-tekton-gkebdd-staging/pull/3 is merged at sha 077c86daf4871faf44e3361bf948b60d78e4ff5f
Pull Request merged but we are not waiting for the update pipeline to complete!
WARNING: Could not find the service URL in namespace **-staging for names bdd-ghf**y-import-1568053282, **-bdd-ghf**y-import-1568053282, **-staging-bdd-ghf**y-import-1568053282
